
2024-06-23 17:06:863 INFO  HomePage :53 - Clicking on Computer [[ChromeDriver: chrome on windows (1b9aadf128e1c899526adf92f943a77a)] -> xpath: //ul[@class='top-menu notmobile']//a[contains(text(),'Computers')]]<br>
2024-06-23 17:06:891 INFO  ComputerPage :40 - getting computer text  [[ChromeDriver: chrome on windows (1b9aadf128e1c899526adf92f943a77a)] -> xpath: //h1[contains(text(),'Computers')]]
2024-06-23 17:06:81 INFO  HomePage :53 - Clicking on Computer [[ChromeDriver: chrome on windows (57c4b061f3da4fac170894fe39c5416b)] -> xpath: //ul[@class='top-menu notmobile']//a[contains(text(),'Computers')]]<br>
2024-06-23 17:06:110 INFO  ComputerPage :46 - Clicking on Desktop [[ChromeDriver: chrome on windows (57c4b061f3da4fac170894fe39c5416b)] -> xpath: //body/div[6]/div[3]/div[1]/div[3]/div[1]/div[2]/div[1]/div[1]/div[1]/div[1]/h2[1]/a[1]]
2024-06-23 17:06:416 INFO  HomePage :53 - Clicking on Computer [[ChromeDriver: chrome on windows (d3feee3c8ebad837557afd86ae962fff)] -> xpath: //ul[@class='top-menu notmobile']//a[contains(text(),'Computers')]]<br>
2024-06-23 17:06:440 INFO  ComputerPage :46 - Clicking on Desktop [[ChromeDriver: chrome on windows (d3feee3c8ebad837557afd86ae962fff)] -> xpath: //body/div[6]/div[3]/div[1]/div[3]/div[1]/div[2]/div[1]/div[1]/div[1]/div[1]/h2[1]/a[1]]
2024-06-23 17:06:677 INFO  BuildYourOwnComputerPage :90 - Enter email 2.2 GHz Intel Pentium Dual-Core E2200 to email field [[ChromeDriver: chrome on windows (d3feee3c8ebad837557afd86ae962fff)] -> xpath: //select[@id='product_attribute_1']]<br>
2024-06-23 17:06:764 INFO  BuildYourOwnComputerPage :96 - Selecting RAM 2 GB from dropdown [[ChromeDriver: chrome on windows (d3feee3c8ebad837557afd86ae962fff)] -> xpath: //select[@name='product_attribute_2']]<br>
2024-06-23 17:06:826 INFO  BuildYourOwnComputerPage :171 - Clicking on Harddrive [[ChromeDriver: chrome on windows (d3feee3c8ebad837557afd86ae962fff)] -> xpath: //input[@id='product_attribute_3_7']]<br>
2024-06-23 17:06:875 INFO  BuildYourOwnComputerPage :108 - Clicking on operating system [[ChromeDriver: chrome on windows (d3feee3c8ebad837557afd86ae962fff)] -> xpath: //input[@name='product_attribute_5' and @value='12']]<br>
2024-06-23 17:06:941 INFO  BuildYourOwnComputerPage :114 - Clicking on software [[ChromeDriver: chrome on windows (d3feee3c8ebad837557afd86ae962fff)] -> xpath: //input[@name='product_attribute_5' and @value='12']]<br>
2024-06-23 17:06:959 INFO  BuildYourOwnComputerPage :84 - Clicking on addtocart [[ChromeDriver: chrome on windows (d3feee3c8ebad837557afd86ae962fff)] -> xpath: //input[@name='product_attribute_5' and @value='12']]
2024-06-23 17:06:473 INFO  HomePage :53 - Clicking on Computer [[ChromeDriver: chrome on windows (5ee7e847d266e293995a35c2c0c880d2)] -> xpath: //ul[@class='top-menu notmobile']//a[contains(text(),'Computers')]]<br>
2024-06-23 17:06:520 INFO  ComputerPage :46 - Clicking on Desktop [[ChromeDriver: chrome on windows (5ee7e847d266e293995a35c2c0c880d2)] -> xpath: //body/div[6]/div[3]/div[1]/div[3]/div[1]/div[2]/div[1]/div[1]/div[1]/div[1]/h2[1]/a[1]]
2024-06-23 17:06:575 INFO  BuildYourOwnComputerPage :90 - Enter email 2.5 GHz Intel Pentium Dual-Core E2200 [+$15.00] to email field [[ChromeDriver: chrome on windows (5ee7e847d266e293995a35c2c0c880d2)] -> xpath: //select[@id='product_attribute_1']]<br>
2024-06-23 17:06:670 INFO  BuildYourOwnComputerPage :96 - Selecting RAM 4GB [+$20.00] from dropdown [[ChromeDriver: chrome on windows (5ee7e847d266e293995a35c2c0c880d2)] -> xpath: //select[@name='product_attribute_2']]<br>
2024-06-23 17:06:735 INFO  BuildYourOwnComputerPage :171 - Clicking on Harddrive [[ChromeDriver: chrome on windows (5ee7e847d266e293995a35c2c0c880d2)] -> xpath: //input[@id='product_attribute_3_7']]<br>
2024-06-23 17:06:785 INFO  BuildYourOwnComputerPage :108 - Clicking on operating system [[ChromeDriver: chrome on windows (5ee7e847d266e293995a35c2c0c880d2)] -> xpath: //input[@name='product_attribute_5' and @value='12']]<br>
2024-06-23 17:06:828 INFO  BuildYourOwnComputerPage :114 - Clicking on software [[ChromeDriver: chrome on windows (5ee7e847d266e293995a35c2c0c880d2)] -> xpath: //input[@name='product_attribute_5' and @value='12']]<br>
2024-06-23 17:06:839 INFO  BuildYourOwnComputerPage :84 - Clicking on addtocart [[ChromeDriver: chrome on windows (5ee7e847d266e293995a35c2c0c880d2)] -> xpath: //input[@name='product_attribute_5' and @value='12']]
2024-06-23 17:06:235 INFO  HomePage :53 - Clicking on Computer [[ChromeDriver: chrome on windows (8c27ce941b5558470eb8eb9c56ab48ca)] -> xpath: //ul[@class='top-menu notmobile']//a[contains(text(),'Computers')]]<br>
2024-06-23 17:06:260 INFO  ComputerPage :46 - Clicking on Desktop [[ChromeDriver: chrome on windows (8c27ce941b5558470eb8eb9c56ab48ca)] -> xpath: //body/div[6]/div[3]/div[1]/div[3]/div[1]/div[2]/div[1]/div[1]/div[1]/div[1]/h2[1]/a[1]]
2024-06-23 17:06:301 INFO  BuildYourOwnComputerPage :90 - Enter email 2.5 GHz Intel Pentium Dual-Core E2200 [+$15.00] to email field [[ChromeDriver: chrome on windows (8c27ce941b5558470eb8eb9c56ab48ca)] -> xpath: //select[@id='product_attribute_1']]<br>
2024-06-23 17:06:394 INFO  BuildYourOwnComputerPage :96 - Selecting RAM 8GB [+$60.00] from dropdown [[ChromeDriver: chrome on windows (8c27ce941b5558470eb8eb9c56ab48ca)] -> xpath: //select[@name='product_attribute_2']]<br>
2024-06-23 17:06:469 INFO  BuildYourOwnComputerPage :171 - Clicking on Harddrive [[ChromeDriver: chrome on windows (8c27ce941b5558470eb8eb9c56ab48ca)] -> xpath: //input[@id='product_attribute_3_7']]<br>
2024-06-23 17:06:551 INFO  BuildYourOwnComputerPage :108 - Clicking on operating system [[ChromeDriver: chrome on windows (8c27ce941b5558470eb8eb9c56ab48ca)] -> xpath: //input[@name='product_attribute_5' and @value='12']]<br>
2024-06-23 17:06:634 INFO  BuildYourOwnComputerPage :114 - Clicking on software [[ChromeDriver: chrome on windows (8c27ce941b5558470eb8eb9c56ab48ca)] -> xpath: //input[@name='product_attribute_5' and @value='12']]<br>
2024-06-23 17:06:644 INFO  BuildYourOwnComputerPage :84 - Clicking on addtocart [[ChromeDriver: chrome on windows (8c27ce941b5558470eb8eb9c56ab48ca)] -> xpath: //input[@name='product_attribute_5' and @value='12']]
2024-06-23 17:06:417 INFO  HomePage :41 - Clicking on login [[ChromeDriver: chrome on windows (f1446ee877ac5c0952e8a520c5fbfd97)] -> xpath: //a[contains(text(),'Log in')]]<br>
2024-06-23 17:06:449 INFO  LoginPage :73 - getting Welcome text from [[ChromeDriver: chrome on windows (f1446ee877ac5c0952e8a520c5fbfd97)] -> xpath: //h1[contains(text(),'Welcome, Please Sign In!')]]
2024-06-23 17:06:449 INFO  LoginPage :74 - getting error message text from [[ChromeDriver: chrome on windows (f1446ee877ac5c0952e8a520c5fbfd97)] -> xpath: //h1[contains(text(),'Welcome, Please Sign In!')]]
2024-06-23 17:06:268 INFO  HomePage :41 - Clicking on login [[ChromeDriver: chrome on windows (954e946cca36561ab2788282bcb2f955)] -> xpath: //a[contains(text(),'Log in')]]<br>
2024-06-23 17:06:304 INFO  LoginPage :73 - getting Welcome text from [[ChromeDriver: chrome on windows (954e946cca36561ab2788282bcb2f955)] -> xpath: //h1[contains(text(),'Welcome, Please Sign In!')]]
2024-06-23 17:06:305 INFO  LoginPage :74 - getting error message text from [[ChromeDriver: chrome on windows (954e946cca36561ab2788282bcb2f955)] -> xpath: //h1[contains(text(),'Welcome, Please Sign In!')]]
2024-06-23 17:06:415 INFO  LoginPage :52 - Enter email hellokaku@gmail.com to email field [[ChromeDriver: chrome on windows (954e946cca36561ab2788282bcb2f955)] -> xpath: //input[@id='Email']]
2024-06-23 17:06:519 INFO  LoginPage :57 - Enter password : 654321 to email field [[ChromeDriver: chrome on windows (954e946cca36561ab2788282bcb2f955)] -> xpath: //input[@id='Password']]
2024-06-23 17:06:851 INFO  LoginPage :62 - Clicking on login [[ChromeDriver: chrome on windows (954e946cca36561ab2788282bcb2f955)] -> xpath: //button[contains(text(),'Log in')]]
2024-06-23 17:06:871 INFO  LoginPage :46 - getting error message text from [[ChromeDriver: chrome on windows (954e946cca36561ab2788282bcb2f955)] -> xpath: //h1[contains(text(),'Welcome, Please Sign In!')]]
2024-06-23 17:06:920 INFO  LoginPage :67 - getting Login text from [[ChromeDriver: chrome on windows (954e946cca36561ab2788282bcb2f955)] -> xpath: //div[@class='message-error validation-summary-errors']]
2024-06-23 17:06:477 INFO  HomePage :41 - Clicking on login [[ChromeDriver: chrome on windows (5228f3b027b744c3f060721fddf00f75)] -> xpath: //a[contains(text(),'Log in')]]<br>
2024-06-23 17:06:521 INFO  LoginPage :73 - getting Welcome text from [[ChromeDriver: chrome on windows (5228f3b027b744c3f060721fddf00f75)] -> xpath: //h1[contains(text(),'Welcome, Please Sign In!')]]
2024-06-23 17:06:522 INFO  LoginPage :74 - getting error message text from [[ChromeDriver: chrome on windows (5228f3b027b744c3f060721fddf00f75)] -> xpath: //h1[contains(text(),'Welcome, Please Sign In!')]]
2024-06-23 17:06:636 INFO  LoginPage :52 - Enter email hellokaku@gmail.com to email field [[ChromeDriver: chrome on windows (5228f3b027b744c3f060721fddf00f75)] -> xpath: //input[@id='Email']]
2024-06-23 17:06:706 INFO  LoginPage :57 - Enter password : 123456 to email field [[ChromeDriver: chrome on windows (5228f3b027b744c3f060721fddf00f75)] -> xpath: //input[@id='Password']]
2024-06-23 17:06:05 INFO  LoginPage :62 - Clicking on login [[ChromeDriver: chrome on windows (5228f3b027b744c3f060721fddf00f75)] -> xpath: //button[contains(text(),'Log in')]]
2024-06-23 17:06:98 INFO  HomePage :58 - getting Logout text Proxy element for: DefaultElementLocator 'By.xpath: //a[contains(text(),'Log out')]'<br>
2024-06-23 17:06:46 INFO  HomePage :41 - Clicking on login [[ChromeDriver: chrome on windows (e87098c676711bdf4ee5ad27d055d718)] -> xpath: //a[contains(text(),'Log in')]]<br>
2024-06-23 17:06:72 INFO  LoginPage :73 - getting Welcome text from [[ChromeDriver: chrome on windows (e87098c676711bdf4ee5ad27d055d718)] -> xpath: //h1[contains(text(),'Welcome, Please Sign In!')]]
2024-06-23 17:06:73 INFO  LoginPage :74 - getting error message text from [[ChromeDriver: chrome on windows (e87098c676711bdf4ee5ad27d055d718)] -> xpath: //h1[contains(text(),'Welcome, Please Sign In!')]]
2024-06-23 17:06:193 INFO  LoginPage :52 - Enter email hellokaku@gmail.com to email field [[ChromeDriver: chrome on windows (e87098c676711bdf4ee5ad27d055d718)] -> xpath: //input[@id='Email']]
2024-06-23 17:06:280 INFO  LoginPage :57 - Enter password : 123456 to email field [[ChromeDriver: chrome on windows (e87098c676711bdf4ee5ad27d055d718)] -> xpath: //input[@id='Password']]
2024-06-23 17:06:568 INFO  LoginPage :62 - Clicking on login [[ChromeDriver: chrome on windows (e87098c676711bdf4ee5ad27d055d718)] -> xpath: //button[contains(text(),'Log in')]]
2024-06-23 17:06:628 INFO  LoginPage :79 - Clicking on logout [[ChromeDriver: chrome on windows (e87098c676711bdf4ee5ad27d055d718)] -> xpath: //button[contains(text(),'Log in')]]
2024-06-23 17:06:778 INFO  HomePage :47 - Clicking on RegisterLink [[ChromeDriver: chrome on windows (c44f1c19f6c466f467e8fb3be7aaa46c)] -> link text: Register]<br>
2024-06-23 17:06:154 INFO  HomePage :47 - Clicking on RegisterLink [[ChromeDriver: chrome on windows (47ed3a941973e7d864c397af2f1fc14a)] -> link text: Register]<br>
2024-06-23 17:06:196 INFO  RegisterPage :184 - Clicking on Register [[ChromeDriver: chrome on windows (47ed3a941973e7d864c397af2f1fc14a)] -> xpath: //button[contains(text(),'Register')]]
2024-06-23 17:06:278 INFO  RegisterPage :121 - getting Lastname  text  [[ChromeDriver: chrome on windows (47ed3a941973e7d864c397af2f1fc14a)] -> xpath: //span[@id='LastName-error']]
2024-06-23 17:06:304 INFO  RegisterPage :127 - getting Email field text  [[ChromeDriver: chrome on windows (47ed3a941973e7d864c397af2f1fc14a)] -> xpath: //span[@id='Email-error']]
2024-06-23 17:06:328 INFO  RegisterPage :133 - getting Password text  Proxy element for: DefaultElementLocator 'By.xpath: //span[@id='Password-error']'
2024-06-23 17:06:73 INFO  HomePage :47 - Clicking on RegisterLink [[ChromeDriver: chrome on windows (d3fef94debce3af384d4d9986a2ce737)] -> link text: Register]<br>
2024-06-23 17:06:92 INFO  RegisterPage :108 - Enter emailJaynika to email field [[ChromeDriver: chrome on windows (d3fef94debce3af384d4d9986a2ce737)] -> xpath: //input[@id='FirstName']]
2024-06-23 17:06:185 INFO  RegisterPage :145 - Enter lastname Patel to email field [[ChromeDriver: chrome on windows (d3fef94debce3af384d4d9986a2ce737)] -> xpath: //input[@id='LastName']]
2024-06-23 17:06:262 INFO  RegisterPage :151 - Selecting date of birth 10 from dropdown [[ChromeDriver: chrome on windows (d3fef94debce3af384d4d9986a2ce737)] -> xpath: //body/div[6]/div[3]/div[1]/div[1]/div[1]/div[2]/form[1]/div[1]/div[2]/div[4]/div[1]/select[1]]
2024-06-23 17:06:354 INFO  RegisterPage :156 - Selecting month of birth May from dropdown [[ChromeDriver: chrome on windows (d3fef94debce3af384d4d9986a2ce737)] -> xpath: //body/div[6]/div[3]/div[1]/div[1]/div[1]/div[2]/form[1]/div[1]/div[2]/div[4]/div[1]/select[2]]
2024-06-23 17:06:438 INFO  RegisterPage :162 - Selecting year of birth 1986 from dropdown [[ChromeDriver: chrome on windows (d3fef94debce3af384d4d9986a2ce737)] -> xpath: //body/div[6]/div[3]/div[1]/div[1]/div[1]/div[2]/form[1]/div[1]/div[2]/div[4]/div[1]/select[3]]
2024-06-23 17:06:506 INFO  RegisterPage :168 - Enter email hellokakuVEF@gmail.com to email field [[ChromeDriver: chrome on windows (d3fef94debce3af384d4d9986a2ce737)] -> xpath: //input[@type='email' and @name='Email']]
2024-06-23 17:06:594 INFO  RegisterPage :174 - Enter password 123456 to email field [[ChromeDriver: chrome on windows (d3fef94debce3af384d4d9986a2ce737)] -> xpath: //input[@id='Password']]
2024-06-23 17:06:682 INFO  RegisterPage :179 - Enter confirm password 123456 to email field [[ChromeDriver: chrome on windows (d3fef94debce3af384d4d9986a2ce737)] -> xpath: //input[@name='ConfirmPassword']]
2024-06-23 17:06:765 INFO  RegisterPage :184 - Clicking on Register [[ChromeDriver: chrome on windows (d3fef94debce3af384d4d9986a2ce737)] -> xpath: //button[contains(text(),'Register')]]
2024-06-23 17:06:380 INFO  RegisterPage :190 - getting registration completed text  [[ChromeDriver: chrome on windows (d3fef94debce3af384d4d9986a2ce737)] -> xpath: //div[contains(text(),'Your registration completed')]]<br>
2024-06-23 19:06:604 INFO  HomePage :53 - Clicking on Computer [[ChromeDriver: chrome on windows (202cdc9467e78a3b4824d86dd5e8aec7)] -> xpath: //ul[@class='top-menu notmobile']//a[contains(text(),'Computers')]]<br>
2024-06-23 19:06:625 INFO  ComputerPage :40 - getting computer text  [[ChromeDriver: chrome on windows (202cdc9467e78a3b4824d86dd5e8aec7)] -> xpath: //h1[contains(text(),'Computers')]]
2024-06-23 19:06:69 INFO  HomePage :53 - Clicking on Computer [[ChromeDriver: chrome on windows (0c21d2ab78a6479c2af2d38d67ceb0a7)] -> xpath: //ul[@class='top-menu notmobile']//a[contains(text(),'Computers')]]<br>
2024-06-23 19:06:96 INFO  ComputerPage :46 - Clicking on Desktop [[ChromeDriver: chrome on windows (0c21d2ab78a6479c2af2d38d67ceb0a7)] -> xpath: //body/div[6]/div[3]/div[1]/div[3]/div[1]/div[2]/div[1]/div[1]/div[1]/div[1]/h2[1]/a[1]]
2024-06-23 19:06:668 INFO  HomePage :53 - Clicking on Computer [[ChromeDriver: chrome on windows (cfbe999e533ab12d8d4b6e9a79702d6e)] -> xpath: //ul[@class='top-menu notmobile']//a[contains(text(),'Computers')]]<br>
2024-06-23 19:06:777 INFO  ComputerPage :46 - Clicking on Desktop [[ChromeDriver: chrome on windows (cfbe999e533ab12d8d4b6e9a79702d6e)] -> xpath: //body/div[6]/div[3]/div[1]/div[3]/div[1]/div[2]/div[1]/div[1]/div[1]/div[1]/h2[1]/a[1]]
2024-06-23 19:06:207 INFO  BuildYourOwnComputerPage :90 - Enter email 2.2 GHz Intel Pentium Dual-Core E2200 to email field [[ChromeDriver: chrome on windows (cfbe999e533ab12d8d4b6e9a79702d6e)] -> xpath: //select[@id='product_attribute_1']]<br>
2024-06-23 19:06:394 INFO  BuildYourOwnComputerPage :96 - Selecting RAM 2 GB from dropdown [[ChromeDriver: chrome on windows (cfbe999e533ab12d8d4b6e9a79702d6e)] -> xpath: //select[@name='product_attribute_2']]<br>
2024-06-23 19:06:478 INFO  BuildYourOwnComputerPage :171 - Clicking on Harddrive [[ChromeDriver: chrome on windows (cfbe999e533ab12d8d4b6e9a79702d6e)] -> xpath: //input[@id='product_attribute_3_7']]<br>
2024-06-23 19:06:684 INFO  BuildYourOwnComputerPage :108 - Clicking on operating system [[ChromeDriver: chrome on windows (cfbe999e533ab12d8d4b6e9a79702d6e)] -> xpath: //input[@name='product_attribute_5' and @value='12']]<br>
2024-06-23 19:06:809 INFO  BuildYourOwnComputerPage :114 - Clicking on software [[ChromeDriver: chrome on windows (cfbe999e533ab12d8d4b6e9a79702d6e)] -> xpath: //input[@name='product_attribute_5' and @value='12']]<br>
2024-06-23 19:06:826 INFO  BuildYourOwnComputerPage :84 - Clicking on addtocart [[ChromeDriver: chrome on windows (cfbe999e533ab12d8d4b6e9a79702d6e)] -> xpath: //input[@name='product_attribute_5' and @value='12']]
2024-06-23 19:06:129 INFO  HomePage :53 - Clicking on Computer [[ChromeDriver: chrome on windows (9f75e5b9c6c159552dd9a51285dd06c9)] -> xpath: //ul[@class='top-menu notmobile']//a[contains(text(),'Computers')]]<br>
2024-06-23 19:06:163 INFO  ComputerPage :46 - Clicking on Desktop [[ChromeDriver: chrome on windows (9f75e5b9c6c159552dd9a51285dd06c9)] -> xpath: //body/div[6]/div[3]/div[1]/div[3]/div[1]/div[2]/div[1]/div[1]/div[1]/div[1]/h2[1]/a[1]]
2024-06-23 19:06:439 INFO  BuildYourOwnComputerPage :90 - Enter email 2.5 GHz Intel Pentium Dual-Core E2200 [+$15.00] to email field [[ChromeDriver: chrome on windows (9f75e5b9c6c159552dd9a51285dd06c9)] -> xpath: //select[@id='product_attribute_1']]<br>
2024-06-23 19:06:562 INFO  BuildYourOwnComputerPage :96 - Selecting RAM 4GB [+$20.00] from dropdown [[ChromeDriver: chrome on windows (9f75e5b9c6c159552dd9a51285dd06c9)] -> xpath: //select[@name='product_attribute_2']]<br>
2024-06-23 19:06:643 INFO  BuildYourOwnComputerPage :171 - Clicking on Harddrive [[ChromeDriver: chrome on windows (9f75e5b9c6c159552dd9a51285dd06c9)] -> xpath: //input[@id='product_attribute_3_7']]<br>
2024-06-23 19:06:711 INFO  BuildYourOwnComputerPage :108 - Clicking on operating system [[ChromeDriver: chrome on windows (9f75e5b9c6c159552dd9a51285dd06c9)] -> xpath: //input[@name='product_attribute_5' and @value='12']]<br>
2024-06-23 19:06:776 INFO  BuildYourOwnComputerPage :114 - Clicking on software [[ChromeDriver: chrome on windows (9f75e5b9c6c159552dd9a51285dd06c9)] -> xpath: //input[@name='product_attribute_5' and @value='12']]<br>
2024-06-23 19:06:788 INFO  BuildYourOwnComputerPage :84 - Clicking on addtocart [[ChromeDriver: chrome on windows (9f75e5b9c6c159552dd9a51285dd06c9)] -> xpath: //input[@name='product_attribute_5' and @value='12']]
2024-06-23 19:06:472 INFO  HomePage :53 - Clicking on Computer [[ChromeDriver: chrome on windows (78e33c1c22c11dbba80953c97dbf63d4)] -> xpath: //ul[@class='top-menu notmobile']//a[contains(text(),'Computers')]]<br>
2024-06-23 19:06:517 INFO  ComputerPage :46 - Clicking on Desktop [[ChromeDriver: chrome on windows (78e33c1c22c11dbba80953c97dbf63d4)] -> xpath: //body/div[6]/div[3]/div[1]/div[3]/div[1]/div[2]/div[1]/div[1]/div[1]/div[1]/h2[1]/a[1]]
2024-06-23 19:06:695 INFO  BuildYourOwnComputerPage :90 - Enter email 2.5 GHz Intel Pentium Dual-Core E2200 [+$15.00] to email field [[ChromeDriver: chrome on windows (78e33c1c22c11dbba80953c97dbf63d4)] -> xpath: //select[@id='product_attribute_1']]<br>
2024-06-23 19:06:793 INFO  BuildYourOwnComputerPage :96 - Selecting RAM 8GB [+$60.00] from dropdown [[ChromeDriver: chrome on windows (78e33c1c22c11dbba80953c97dbf63d4)] -> xpath: //select[@name='product_attribute_2']]<br>
2024-06-23 19:06:858 INFO  BuildYourOwnComputerPage :171 - Clicking on Harddrive [[ChromeDriver: chrome on windows (78e33c1c22c11dbba80953c97dbf63d4)] -> xpath: //input[@id='product_attribute_3_7']]<br>
2024-06-23 19:06:906 INFO  BuildYourOwnComputerPage :108 - Clicking on operating system [[ChromeDriver: chrome on windows (78e33c1c22c11dbba80953c97dbf63d4)] -> xpath: //input[@name='product_attribute_5' and @value='12']]<br>
2024-06-23 19:06:956 INFO  BuildYourOwnComputerPage :114 - Clicking on software [[ChromeDriver: chrome on windows (78e33c1c22c11dbba80953c97dbf63d4)] -> xpath: //input[@name='product_attribute_5' and @value='12']]<br>
2024-06-23 19:06:967 INFO  BuildYourOwnComputerPage :84 - Clicking on addtocart [[ChromeDriver: chrome on windows (78e33c1c22c11dbba80953c97dbf63d4)] -> xpath: //input[@name='product_attribute_5' and @value='12']]
2024-06-23 19:06:800 INFO  HomePage :41 - Clicking on login [[ChromeDriver: chrome on windows (2a08dfa56f6602892b0b842bbcd4cf35)] -> xpath: //a[contains(text(),'Log in')]]<br>
2024-06-23 19:06:818 INFO  LoginPage :73 - getting Welcome text from [[ChromeDriver: chrome on windows (2a08dfa56f6602892b0b842bbcd4cf35)] -> xpath: //h1[contains(text(),'Welcome, Please Sign In!')]]
2024-06-23 19:06:819 INFO  LoginPage :74 - getting error message text from [[ChromeDriver: chrome on windows (2a08dfa56f6602892b0b842bbcd4cf35)] -> xpath: //h1[contains(text(),'Welcome, Please Sign In!')]]
2024-06-23 19:06:556 INFO  HomePage :41 - Clicking on login [[ChromeDriver: chrome on windows (42efeb6315f658cc1156804038414fc2)] -> xpath: //a[contains(text(),'Log in')]]<br>
2024-06-23 19:06:573 INFO  LoginPage :73 - getting Welcome text from [[ChromeDriver: chrome on windows (42efeb6315f658cc1156804038414fc2)] -> xpath: //h1[contains(text(),'Welcome, Please Sign In!')]]
2024-06-23 19:06:574 INFO  LoginPage :74 - getting error message text from [[ChromeDriver: chrome on windows (42efeb6315f658cc1156804038414fc2)] -> xpath: //h1[contains(text(),'Welcome, Please Sign In!')]]
2024-06-23 19:06:670 INFO  LoginPage :52 - Enter email hellokaku@gmail.com to email field [[ChromeDriver: chrome on windows (42efeb6315f658cc1156804038414fc2)] -> xpath: //input[@id='Email']]
2024-06-23 19:06:725 INFO  LoginPage :57 - Enter password : 654321 to email field [[ChromeDriver: chrome on windows (42efeb6315f658cc1156804038414fc2)] -> xpath: //input[@id='Password']]
2024-06-23 19:06:61 INFO  LoginPage :62 - Clicking on login [[ChromeDriver: chrome on windows (42efeb6315f658cc1156804038414fc2)] -> xpath: //button[contains(text(),'Log in')]]
2024-06-23 19:06:76 INFO  LoginPage :46 - getting error message text from [[ChromeDriver: chrome on windows (42efeb6315f658cc1156804038414fc2)] -> xpath: //h1[contains(text(),'Welcome, Please Sign In!')]]
2024-06-23 19:06:105 INFO  LoginPage :67 - getting Login text from [[ChromeDriver: chrome on windows (42efeb6315f658cc1156804038414fc2)] -> xpath: //div[@class='message-error validation-summary-errors']]
2024-06-23 19:06:179 INFO  HomePage :41 - Clicking on login [[ChromeDriver: chrome on windows (34766025b896ff63e11caa7170d413e1)] -> xpath: //a[contains(text(),'Log in')]]<br>
2024-06-23 19:06:208 INFO  LoginPage :73 - getting Welcome text from [[ChromeDriver: chrome on windows (34766025b896ff63e11caa7170d413e1)] -> xpath: //h1[contains(text(),'Welcome, Please Sign In!')]]
2024-06-23 19:06:208 INFO  LoginPage :74 - getting error message text from [[ChromeDriver: chrome on windows (34766025b896ff63e11caa7170d413e1)] -> xpath: //h1[contains(text(),'Welcome, Please Sign In!')]]
2024-06-23 19:06:344 INFO  LoginPage :52 - Enter email hellokaku@gmail.com to email field [[ChromeDriver: chrome on windows (34766025b896ff63e11caa7170d413e1)] -> xpath: //input[@id='Email']]
2024-06-23 19:06:430 INFO  LoginPage :57 - Enter password : 123456 to email field [[ChromeDriver: chrome on windows (34766025b896ff63e11caa7170d413e1)] -> xpath: //input[@id='Password']]
2024-06-23 19:06:711 INFO  LoginPage :62 - Clicking on login [[ChromeDriver: chrome on windows (34766025b896ff63e11caa7170d413e1)] -> xpath: //button[contains(text(),'Log in')]]
2024-06-23 19:06:860 INFO  HomePage :58 - getting Logout text Proxy element for: DefaultElementLocator 'By.xpath: //a[contains(text(),'Log out')]'<br>
2024-06-23 19:06:569 INFO  HomePage :41 - Clicking on login [[ChromeDriver: chrome on windows (79f651983951f76db487ca5d0cf6c23d)] -> xpath: //a[contains(text(),'Log in')]]<br>
2024-06-23 19:06:600 INFO  LoginPage :73 - getting Welcome text from [[ChromeDriver: chrome on windows (79f651983951f76db487ca5d0cf6c23d)] -> xpath: //h1[contains(text(),'Welcome, Please Sign In!')]]
2024-06-23 19:06:600 INFO  LoginPage :74 - getting error message text from [[ChromeDriver: chrome on windows (79f651983951f76db487ca5d0cf6c23d)] -> xpath: //h1[contains(text(),'Welcome, Please Sign In!')]]
2024-06-23 19:06:723 INFO  LoginPage :52 - Enter email hellokaku@gmail.com to email field [[ChromeDriver: chrome on windows (79f651983951f76db487ca5d0cf6c23d)] -> xpath: //input[@id='Email']]
2024-06-23 19:06:844 INFO  LoginPage :57 - Enter password : 123456 to email field [[ChromeDriver: chrome on windows (79f651983951f76db487ca5d0cf6c23d)] -> xpath: //input[@id='Password']]
2024-06-23 19:06:207 INFO  LoginPage :62 - Clicking on login [[ChromeDriver: chrome on windows (79f651983951f76db487ca5d0cf6c23d)] -> xpath: //button[contains(text(),'Log in')]]
2024-06-23 19:06:297 INFO  LoginPage :79 - Clicking on logout [[ChromeDriver: chrome on windows (79f651983951f76db487ca5d0cf6c23d)] -> xpath: //button[contains(text(),'Log in')]]
2024-06-23 19:06:281 INFO  HomePage :47 - Clicking on RegisterLink [[ChromeDriver: chrome on windows (bdd50a52d5d627bf8ad59625891a6c84)] -> link text: Register]<br>
2024-06-23 19:06:731 INFO  HomePage :47 - Clicking on RegisterLink [[ChromeDriver: chrome on windows (6b36b04204b6b3c44724999d671211d5)] -> link text: Register]<br>
2024-06-23 19:06:770 INFO  RegisterPage :184 - Clicking on Register [[ChromeDriver: chrome on windows (6b36b04204b6b3c44724999d671211d5)] -> xpath: //button[contains(text(),'Register')]]
2024-06-23 19:06:865 INFO  RegisterPage :121 - getting Lastname  text  [[ChromeDriver: chrome on windows (6b36b04204b6b3c44724999d671211d5)] -> xpath: //span[@id='LastName-error']]
2024-06-23 19:06:898 INFO  RegisterPage :127 - getting Email field text  [[ChromeDriver: chrome on windows (6b36b04204b6b3c44724999d671211d5)] -> xpath: //span[@id='Email-error']]
2024-06-23 19:06:929 INFO  RegisterPage :133 - getting Password text  Proxy element for: DefaultElementLocator 'By.xpath: //span[@id='Password-error']'
2024-06-23 19:06:182 INFO  HomePage :47 - Clicking on RegisterLink [[ChromeDriver: chrome on windows (9ea69d137c619f67e58ed8e399dab198)] -> link text: Register]<br>
2024-06-23 19:06:205 INFO  RegisterPage :108 - Enter emailJaynika to email field [[ChromeDriver: chrome on windows (9ea69d137c619f67e58ed8e399dab198)] -> xpath: //input[@id='FirstName']]
2024-06-23 19:06:287 INFO  RegisterPage :145 - Enter lastname Patel to email field [[ChromeDriver: chrome on windows (9ea69d137c619f67e58ed8e399dab198)] -> xpath: //input[@id='LastName']]
2024-06-23 19:06:352 INFO  RegisterPage :151 - Selecting date of birth 10 from dropdown [[ChromeDriver: chrome on windows (9ea69d137c619f67e58ed8e399dab198)] -> xpath: //body/div[6]/div[3]/div[1]/div[1]/div[1]/div[2]/form[1]/div[1]/div[2]/div[4]/div[1]/select[1]]
2024-06-23 19:06:441 INFO  RegisterPage :156 - Selecting month of birth May from dropdown [[ChromeDriver: chrome on windows (9ea69d137c619f67e58ed8e399dab198)] -> xpath: //body/div[6]/div[3]/div[1]/div[1]/div[1]/div[2]/form[1]/div[1]/div[2]/div[4]/div[1]/select[2]]
2024-06-23 19:06:518 INFO  RegisterPage :162 - Selecting year of birth 1986 from dropdown [[ChromeDriver: chrome on windows (9ea69d137c619f67e58ed8e399dab198)] -> xpath: //body/div[6]/div[3]/div[1]/div[1]/div[1]/div[2]/form[1]/div[1]/div[2]/div[4]/div[1]/select[3]]
2024-06-23 19:06:589 INFO  RegisterPage :168 - Enter email hellokaku3iR@gmail.com to email field [[ChromeDriver: chrome on windows (9ea69d137c619f67e58ed8e399dab198)] -> xpath: //input[@type='email' and @name='Email']]
2024-06-23 19:06:693 INFO  RegisterPage :174 - Enter password 123456 to email field [[ChromeDriver: chrome on windows (9ea69d137c619f67e58ed8e399dab198)] -> xpath: //input[@id='Password']]
2024-06-23 19:06:765 INFO  RegisterPage :179 - Enter confirm password 123456 to email field [[ChromeDriver: chrome on windows (9ea69d137c619f67e58ed8e399dab198)] -> xpath: //input[@name='ConfirmPassword']]
2024-06-23 19:06:816 INFO  RegisterPage :184 - Clicking on Register [[ChromeDriver: chrome on windows (9ea69d137c619f67e58ed8e399dab198)] -> xpath: //button[contains(text(),'Register')]]
2024-06-23 19:06:691 INFO  RegisterPage :190 - getting registration completed text  [[ChromeDriver: chrome on windows (9ea69d137c619f67e58ed8e399dab198)] -> xpath: //div[contains(text(),'Your registration completed')]]<br>
2024-06-24 22:06:50 INFO  HomePage :53 - Clicking on Computer [[ChromeDriver: chrome on windows (06cfbe0bebe2f2d3a694bbd1888feb46)] -> xpath: //ul[@class='top-menu notmobile']//a[contains(text(),'Computers')]]<br>
2024-06-24 22:06:102 INFO  ComputerPage :40 - getting computer text  [[ChromeDriver: chrome on windows (06cfbe0bebe2f2d3a694bbd1888feb46)] -> xpath: //h1[contains(text(),'Computers')]]
2024-06-24 22:06:352 INFO  HomePage :53 - Clicking on Computer [[ChromeDriver: chrome on windows (62f070d10912c625dbdc3f2fcef9f484)] -> xpath: //ul[@class='top-menu notmobile']//a[contains(text(),'Computers')]]<br>
2024-06-24 22:06:439 INFO  ComputerPage :46 - Clicking on Desktop [[ChromeDriver: chrome on windows (62f070d10912c625dbdc3f2fcef9f484)] -> xpath: //body/div[6]/div[3]/div[1]/div[3]/div[1]/div[2]/div[1]/div[1]/div[1]/div[1]/h2[1]/a[1]]
2024-06-24 22:06:92 INFO  HomePage :53 - Clicking on Computer [[ChromeDriver: chrome on windows (ad75e84c32b82e1feb24889980246887)] -> xpath: //ul[@class='top-menu notmobile']//a[contains(text(),'Computers')]]<br>
2024-06-24 22:06:156 INFO  ComputerPage :46 - Clicking on Desktop [[ChromeDriver: chrome on windows (ad75e84c32b82e1feb24889980246887)] -> xpath: //body/div[6]/div[3]/div[1]/div[3]/div[1]/div[2]/div[1]/div[1]/div[1]/div[1]/h2[1]/a[1]]
2024-06-24 22:06:439 INFO  BuildYourOwnComputerPage :90 - Enter email 2.2 GHz Intel Pentium Dual-Core E2200 to email field [[ChromeDriver: chrome on windows (ad75e84c32b82e1feb24889980246887)] -> xpath: //select[@id='product_attribute_1']]<br>
2024-06-24 22:06:585 INFO  BuildYourOwnComputerPage :96 - Selecting RAM 2 GB from dropdown [[ChromeDriver: chrome on windows (ad75e84c32b82e1feb24889980246887)] -> xpath: //select[@name='product_attribute_2']]<br>
2024-06-24 22:06:669 INFO  BuildYourOwnComputerPage :171 - Clicking on Harddrive [[ChromeDriver: chrome on windows (ad75e84c32b82e1feb24889980246887)] -> xpath: //input[@id='product_attribute_3_7']]<br>
2024-06-24 22:06:742 INFO  BuildYourOwnComputerPage :108 - Clicking on operating system [[ChromeDriver: chrome on windows (ad75e84c32b82e1feb24889980246887)] -> xpath: //input[@name='product_attribute_5' and @value='12']]<br>
2024-06-24 22:06:808 INFO  BuildYourOwnComputerPage :114 - Clicking on software [[ChromeDriver: chrome on windows (ad75e84c32b82e1feb24889980246887)] -> xpath: //input[@name='product_attribute_5' and @value='12']]<br>
2024-06-24 22:06:831 INFO  BuildYourOwnComputerPage :84 - Clicking on addtocart [[ChromeDriver: chrome on windows (ad75e84c32b82e1feb24889980246887)] -> xpath: //input[@name='product_attribute_5' and @value='12']]
2024-06-24 22:06:544 INFO  HomePage :53 - Clicking on Computer [[ChromeDriver: chrome on windows (39365ca5e28387bf3bbd9d5bf7beca53)] -> xpath: //ul[@class='top-menu notmobile']//a[contains(text(),'Computers')]]<br>
2024-06-24 22:06:646 INFO  ComputerPage :46 - Clicking on Desktop [[ChromeDriver: chrome on windows (39365ca5e28387bf3bbd9d5bf7beca53)] -> xpath: //body/div[6]/div[3]/div[1]/div[3]/div[1]/div[2]/div[1]/div[1]/div[1]/div[1]/h2[1]/a[1]]
2024-06-24 22:06:845 INFO  BuildYourOwnComputerPage :90 - Enter email 2.5 GHz Intel Pentium Dual-Core E2200 [+$15.00] to email field [[ChromeDriver: chrome on windows (39365ca5e28387bf3bbd9d5bf7beca53)] -> xpath: //select[@id='product_attribute_1']]<br>
2024-06-24 22:06:05 INFO  BuildYourOwnComputerPage :96 - Selecting RAM 4GB [+$20.00] from dropdown [[ChromeDriver: chrome on windows (39365ca5e28387bf3bbd9d5bf7beca53)] -> xpath: //select[@name='product_attribute_2']]<br>
2024-06-24 22:06:108 INFO  BuildYourOwnComputerPage :171 - Clicking on Harddrive [[ChromeDriver: chrome on windows (39365ca5e28387bf3bbd9d5bf7beca53)] -> xpath: //input[@id='product_attribute_3_7']]<br>
2024-06-24 22:06:189 INFO  BuildYourOwnComputerPage :108 - Clicking on operating system [[ChromeDriver: chrome on windows (39365ca5e28387bf3bbd9d5bf7beca53)] -> xpath: //input[@name='product_attribute_5' and @value='12']]<br>
2024-06-24 22:06:274 INFO  BuildYourOwnComputerPage :114 - Clicking on software [[ChromeDriver: chrome on windows (39365ca5e28387bf3bbd9d5bf7beca53)] -> xpath: //input[@name='product_attribute_5' and @value='12']]<br>
2024-06-24 22:06:291 INFO  BuildYourOwnComputerPage :84 - Clicking on addtocart [[ChromeDriver: chrome on windows (39365ca5e28387bf3bbd9d5bf7beca53)] -> xpath: //input[@name='product_attribute_5' and @value='12']]
2024-06-24 22:06:263 INFO  HomePage :53 - Clicking on Computer [[ChromeDriver: chrome on windows (88e7d3bd6b1df099ba9af15d95c4d6f3)] -> xpath: //ul[@class='top-menu notmobile']//a[contains(text(),'Computers')]]<br>
2024-06-24 22:06:362 INFO  ComputerPage :46 - Clicking on Desktop [[ChromeDriver: chrome on windows (88e7d3bd6b1df099ba9af15d95c4d6f3)] -> xpath: //body/div[6]/div[3]/div[1]/div[3]/div[1]/div[2]/div[1]/div[1]/div[1]/div[1]/h2[1]/a[1]]
2024-06-24 22:06:666 INFO  BuildYourOwnComputerPage :90 - Enter email 2.5 GHz Intel Pentium Dual-Core E2200 [+$15.00] to email field [[ChromeDriver: chrome on windows (88e7d3bd6b1df099ba9af15d95c4d6f3)] -> xpath: //select[@id='product_attribute_1']]<br>
2024-06-24 22:06:876 INFO  BuildYourOwnComputerPage :96 - Selecting RAM 8GB [+$60.00] from dropdown [[ChromeDriver: chrome on windows (88e7d3bd6b1df099ba9af15d95c4d6f3)] -> xpath: //select[@name='product_attribute_2']]<br>
2024-06-24 22:06:988 INFO  BuildYourOwnComputerPage :171 - Clicking on Harddrive [[ChromeDriver: chrome on windows (88e7d3bd6b1df099ba9af15d95c4d6f3)] -> xpath: //input[@id='product_attribute_3_7']]<br>
2024-06-24 22:06:90 INFO  BuildYourOwnComputerPage :108 - Clicking on operating system [[ChromeDriver: chrome on windows (88e7d3bd6b1df099ba9af15d95c4d6f3)] -> xpath: //input[@name='product_attribute_5' and @value='12']]<br>
2024-06-24 22:06:184 INFO  BuildYourOwnComputerPage :114 - Clicking on software [[ChromeDriver: chrome on windows (88e7d3bd6b1df099ba9af15d95c4d6f3)] -> xpath: //input[@name='product_attribute_5' and @value='12']]<br>
2024-06-24 22:06:209 INFO  BuildYourOwnComputerPage :84 - Clicking on addtocart [[ChromeDriver: chrome on windows (88e7d3bd6b1df099ba9af15d95c4d6f3)] -> xpath: //input[@name='product_attribute_5' and @value='12']]
2024-06-24 22:06:490 INFO  HomePage :41 - Clicking on login [[ChromeDriver: chrome on windows (8a239e9e9d298e21eedf2a0631f1c8f3)] -> xpath: //a[contains(text(),'Log in')]]<br>
2024-06-24 22:06:541 INFO  LoginPage :73 - getting Welcome text from [[ChromeDriver: chrome on windows (8a239e9e9d298e21eedf2a0631f1c8f3)] -> xpath: //h1[contains(text(),'Welcome, Please Sign In!')]]
2024-06-24 22:06:542 INFO  LoginPage :74 - getting error message text from [[ChromeDriver: chrome on windows (8a239e9e9d298e21eedf2a0631f1c8f3)] -> xpath: //h1[contains(text(),'Welcome, Please Sign In!')]]
2024-06-24 22:06:79 INFO  HomePage :41 - Clicking on login [[ChromeDriver: chrome on windows (f30f64f6efd222aabfad2b3ab8b31d92)] -> xpath: //a[contains(text(),'Log in')]]<br>
2024-06-24 22:06:113 INFO  LoginPage :73 - getting Welcome text from [[ChromeDriver: chrome on windows (f30f64f6efd222aabfad2b3ab8b31d92)] -> xpath: //h1[contains(text(),'Welcome, Please Sign In!')]]
2024-06-24 22:06:114 INFO  LoginPage :74 - getting error message text from [[ChromeDriver: chrome on windows (f30f64f6efd222aabfad2b3ab8b31d92)] -> xpath: //h1[contains(text(),'Welcome, Please Sign In!')]]
2024-06-24 22:06:297 INFO  LoginPage :52 - Enter email hellokaku@gmail.com to email field [[ChromeDriver: chrome on windows (f30f64f6efd222aabfad2b3ab8b31d92)] -> xpath: //input[@id='Email']]
2024-06-24 22:06:418 INFO  LoginPage :57 - Enter password : 654321 to email field [[ChromeDriver: chrome on windows (f30f64f6efd222aabfad2b3ab8b31d92)] -> xpath: //input[@id='Password']]
2024-06-24 22:06:802 INFO  LoginPage :62 - Clicking on login [[ChromeDriver: chrome on windows (f30f64f6efd222aabfad2b3ab8b31d92)] -> xpath: //button[contains(text(),'Log in')]]
2024-06-24 22:06:828 INFO  LoginPage :46 - getting error message text from [[ChromeDriver: chrome on windows (f30f64f6efd222aabfad2b3ab8b31d92)] -> xpath: //h1[contains(text(),'Welcome, Please Sign In!')]]
2024-06-24 22:06:886 INFO  LoginPage :67 - getting Login text from [[ChromeDriver: chrome on windows (f30f64f6efd222aabfad2b3ab8b31d92)] -> xpath: //div[@class='message-error validation-summary-errors']]
2024-06-24 22:06:416 INFO  HomePage :41 - Clicking on login [[ChromeDriver: chrome on windows (2e8235956d8f9380c656d61f4f6cb401)] -> xpath: //a[contains(text(),'Log in')]]<br>
2024-06-24 22:06:458 INFO  LoginPage :73 - getting Welcome text from [[ChromeDriver: chrome on windows (2e8235956d8f9380c656d61f4f6cb401)] -> xpath: //h1[contains(text(),'Welcome, Please Sign In!')]]
2024-06-24 22:06:458 INFO  LoginPage :74 - getting error message text from [[ChromeDriver: chrome on windows (2e8235956d8f9380c656d61f4f6cb401)] -> xpath: //h1[contains(text(),'Welcome, Please Sign In!')]]
2024-06-24 22:06:663 INFO  LoginPage :52 - Enter email hellokaku@gmail.com to email field [[ChromeDriver: chrome on windows (2e8235956d8f9380c656d61f4f6cb401)] -> xpath: //input[@id='Email']]
2024-06-24 22:06:806 INFO  LoginPage :57 - Enter password : 123456 to email field [[ChromeDriver: chrome on windows (2e8235956d8f9380c656d61f4f6cb401)] -> xpath: //input[@id='Password']]
2024-06-24 22:06:145 INFO  LoginPage :62 - Clicking on login [[ChromeDriver: chrome on windows (2e8235956d8f9380c656d61f4f6cb401)] -> xpath: //button[contains(text(),'Log in')]]
2024-06-24 22:06:298 INFO  HomePage :58 - getting Logout text Proxy element for: DefaultElementLocator 'By.xpath: //a[contains(text(),'Log out')]'<br>
2024-06-24 22:06:25 INFO  HomePage :41 - Clicking on login [[ChromeDriver: chrome on windows (8bedb9c55605dd2513d4164194e36542)] -> xpath: //a[contains(text(),'Log in')]]<br>
2024-06-24 22:06:82 INFO  LoginPage :73 - getting Welcome text from [[ChromeDriver: chrome on windows (8bedb9c55605dd2513d4164194e36542)] -> xpath: //h1[contains(text(),'Welcome, Please Sign In!')]]
2024-06-24 22:06:83 INFO  LoginPage :74 - getting error message text from [[ChromeDriver: chrome on windows (8bedb9c55605dd2513d4164194e36542)] -> xpath: //h1[contains(text(),'Welcome, Please Sign In!')]]
2024-06-24 22:06:265 INFO  LoginPage :52 - Enter email hellokaku@gmail.com to email field [[ChromeDriver: chrome on windows (8bedb9c55605dd2513d4164194e36542)] -> xpath: //input[@id='Email']]
2024-06-24 22:06:377 INFO  LoginPage :57 - Enter password : 123456 to email field [[ChromeDriver: chrome on windows (8bedb9c55605dd2513d4164194e36542)] -> xpath: //input[@id='Password']]
2024-06-24 22:06:755 INFO  LoginPage :62 - Clicking on login [[ChromeDriver: chrome on windows (8bedb9c55605dd2513d4164194e36542)] -> xpath: //button[contains(text(),'Log in')]]
2024-06-24 22:06:776 INFO  LoginPage :79 - Clicking on logout [[ChromeDriver: chrome on windows (8bedb9c55605dd2513d4164194e36542)] -> xpath: //button[contains(text(),'Log in')]]
2024-06-24 22:06:30 INFO  HomePage :47 - Clicking on RegisterLink [[ChromeDriver: chrome on windows (4babdaf259b91bb0f6438a4322c646f1)] -> link text: Register]<br>
2024-06-24 22:06:240 INFO  HomePage :47 - Clicking on RegisterLink [[ChromeDriver: chrome on windows (916a49232e29e1e702f50804da166628)] -> link text: Register]<br>
2024-06-24 22:06:272 INFO  RegisterPage :184 - Clicking on Register [[ChromeDriver: chrome on windows (916a49232e29e1e702f50804da166628)] -> xpath: //button[contains(text(),'Register')]]
2024-06-24 22:06:398 INFO  RegisterPage :121 - getting Lastname  text  [[ChromeDriver: chrome on windows (916a49232e29e1e702f50804da166628)] -> xpath: //span[@id='LastName-error']]
2024-06-24 22:06:441 INFO  RegisterPage :127 - getting Email field text  [[ChromeDriver: chrome on windows (916a49232e29e1e702f50804da166628)] -> xpath: //span[@id='Email-error']]
2024-06-24 22:06:498 INFO  RegisterPage :133 - getting Password text  Proxy element for: DefaultElementLocator 'By.xpath: //span[@id='Password-error']'
2024-06-24 22:06:711 INFO  HomePage :47 - Clicking on RegisterLink [[ChromeDriver: chrome on windows (9b51700436dedcb6100a6a3e0bceb021)] -> link text: Register]<br>
2024-06-24 22:06:749 INFO  RegisterPage :108 - Enter emailJaynika to email field [[ChromeDriver: chrome on windows (9b51700436dedcb6100a6a3e0bceb021)] -> xpath: //input[@id='FirstName']]
2024-06-24 22:06:891 INFO  RegisterPage :145 - Enter lastname Patel to email field [[ChromeDriver: chrome on windows (9b51700436dedcb6100a6a3e0bceb021)] -> xpath: //input[@id='LastName']]
2024-06-24 22:06:32 INFO  RegisterPage :151 - Selecting date of birth 10 from dropdown [[ChromeDriver: chrome on windows (9b51700436dedcb6100a6a3e0bceb021)] -> xpath: //body/div[6]/div[3]/div[1]/div[1]/div[1]/div[2]/form[1]/div[1]/div[2]/div[4]/div[1]/select[1]]
2024-06-24 22:06:176 INFO  RegisterPage :156 - Selecting month of birth May from dropdown [[ChromeDriver: chrome on windows (9b51700436dedcb6100a6a3e0bceb021)] -> xpath: //body/div[6]/div[3]/div[1]/div[1]/div[1]/div[2]/form[1]/div[1]/div[2]/div[4]/div[1]/select[2]]
2024-06-24 22:06:314 INFO  RegisterPage :162 - Selecting year of birth 1986 from dropdown [[ChromeDriver: chrome on windows (9b51700436dedcb6100a6a3e0bceb021)] -> xpath: //body/div[6]/div[3]/div[1]/div[1]/div[1]/div[2]/form[1]/div[1]/div[2]/div[4]/div[1]/select[3]]
2024-06-24 22:06:444 INFO  RegisterPage :168 - Enter email hellokakuW2M@gmail.com to email field [[ChromeDriver: chrome on windows (9b51700436dedcb6100a6a3e0bceb021)] -> xpath: //input[@type='email' and @name='Email']]
2024-06-24 22:06:619 INFO  RegisterPage :174 - Enter password 123456 to email field [[ChromeDriver: chrome on windows (9b51700436dedcb6100a6a3e0bceb021)] -> xpath: //input[@id='Password']]
2024-06-24 22:06:733 INFO  RegisterPage :179 - Enter confirm password 123456 to email field [[ChromeDriver: chrome on windows (9b51700436dedcb6100a6a3e0bceb021)] -> xpath: //input[@name='ConfirmPassword']]
2024-06-24 22:06:826 INFO  RegisterPage :184 - Clicking on Register [[ChromeDriver: chrome on windows (9b51700436dedcb6100a6a3e0bceb021)] -> xpath: //button[contains(text(),'Register')]]
2024-06-24 22:06:458 INFO  RegisterPage :190 - getting registration completed text  [[ChromeDriver: chrome on windows (9b51700436dedcb6100a6a3e0bceb021)] -> xpath: //div[contains(text(),'Your registration completed')]]<br>
2024-06-25 17:06:781 INFO  HomePage :53 - Clicking on Computer [[ChromeDriver: chrome on windows (1021f8b8f2d3e50eeeb878230b17c301)] -> xpath: //ul[@class='top-menu notmobile']//a[contains(text(),'Computers')]]<br>
2024-06-25 17:06:810 INFO  ComputerPage :40 - getting computer text  [[ChromeDriver: chrome on windows (1021f8b8f2d3e50eeeb878230b17c301)] -> xpath: //h1[contains(text(),'Computers')]]
2024-06-25 17:06:160 INFO  HomePage :53 - Clicking on Computer [[ChromeDriver: chrome on windows (73c17b1ddaffd6456412b64727820f7e)] -> xpath: //ul[@class='top-menu notmobile']//a[contains(text(),'Computers')]]<br>
2024-06-25 17:06:184 INFO  ComputerPage :46 - Clicking on Desktop [[ChromeDriver: chrome on windows (73c17b1ddaffd6456412b64727820f7e)] -> xpath: //body/div[6]/div[3]/div[1]/div[3]/div[1]/div[2]/div[1]/div[1]/div[1]/div[1]/h2[1]/a[1]]
2024-06-25 17:06:223 INFO  HomePage :53 - Clicking on Computer [[ChromeDriver: chrome on windows (1af25086b0fc01bba7dcf856a5a40e22)] -> xpath: //ul[@class='top-menu notmobile']//a[contains(text(),'Computers')]]<br>
2024-06-25 17:06:258 INFO  ComputerPage :46 - Clicking on Desktop [[ChromeDriver: chrome on windows (1af25086b0fc01bba7dcf856a5a40e22)] -> xpath: //body/div[6]/div[3]/div[1]/div[3]/div[1]/div[2]/div[1]/div[1]/div[1]/div[1]/h2[1]/a[1]]
2024-06-25 17:06:863 INFO  BuildYourOwnComputerPage :90 - Enter email 2.2 GHz Intel Pentium Dual-Core E2200 to email field [[ChromeDriver: chrome on windows (1af25086b0fc01bba7dcf856a5a40e22)] -> xpath: //select[@id='product_attribute_1']]<br>
2024-06-25 17:06:970 INFO  BuildYourOwnComputerPage :96 - Selecting RAM 2 GB from dropdown [[ChromeDriver: chrome on windows (1af25086b0fc01bba7dcf856a5a40e22)] -> xpath: //select[@name='product_attribute_2']]<br>
2024-06-25 17:06:45 INFO  BuildYourOwnComputerPage :171 - Clicking on Harddrive [[ChromeDriver: chrome on windows (1af25086b0fc01bba7dcf856a5a40e22)] -> xpath: //input[@id='product_attribute_3_7']]<br>
2024-06-25 17:06:106 INFO  BuildYourOwnComputerPage :108 - Clicking on operating system [[ChromeDriver: chrome on windows (1af25086b0fc01bba7dcf856a5a40e22)] -> xpath: //input[@name='product_attribute_5' and @value='12']]<br>
2024-06-25 17:06:168 INFO  BuildYourOwnComputerPage :114 - Clicking on software [[ChromeDriver: chrome on windows (1af25086b0fc01bba7dcf856a5a40e22)] -> xpath: //input[@name='product_attribute_5' and @value='12']]<br>
2024-06-25 17:06:187 INFO  BuildYourOwnComputerPage :84 - Clicking on addtocart [[ChromeDriver: chrome on windows (1af25086b0fc01bba7dcf856a5a40e22)] -> xpath: //input[@name='product_attribute_5' and @value='12']]
2024-06-25 17:06:475 INFO  HomePage :53 - Clicking on Computer [[ChromeDriver: chrome on windows (565ee76684d66396d59c8f515f2fb2d2)] -> xpath: //ul[@class='top-menu notmobile']//a[contains(text(),'Computers')]]<br>
2024-06-25 17:06:499 INFO  ComputerPage :46 - Clicking on Desktop [[ChromeDriver: chrome on windows (565ee76684d66396d59c8f515f2fb2d2)] -> xpath: //body/div[6]/div[3]/div[1]/div[3]/div[1]/div[2]/div[1]/div[1]/div[1]/div[1]/h2[1]/a[1]]
2024-06-25 17:06:826 INFO  BuildYourOwnComputerPage :90 - Enter email 2.5 GHz Intel Pentium Dual-Core E2200 [+$15.00] to email field [[ChromeDriver: chrome on windows (565ee76684d66396d59c8f515f2fb2d2)] -> xpath: //select[@id='product_attribute_1']]<br>
2024-06-25 17:06:939 INFO  BuildYourOwnComputerPage :96 - Selecting RAM 4GB [+$20.00] from dropdown [[ChromeDriver: chrome on windows (565ee76684d66396d59c8f515f2fb2d2)] -> xpath: //select[@name='product_attribute_2']]<br>
2024-06-25 17:06:28 INFO  BuildYourOwnComputerPage :171 - Clicking on Harddrive [[ChromeDriver: chrome on windows (565ee76684d66396d59c8f515f2fb2d2)] -> xpath: //input[@id='product_attribute_3_7']]<br>
2024-06-25 17:06:97 INFO  BuildYourOwnComputerPage :108 - Clicking on operating system [[ChromeDriver: chrome on windows (565ee76684d66396d59c8f515f2fb2d2)] -> xpath: //input[@name='product_attribute_5' and @value='12']]<br>
2024-06-25 17:06:168 INFO  BuildYourOwnComputerPage :114 - Clicking on software [[ChromeDriver: chrome on windows (565ee76684d66396d59c8f515f2fb2d2)] -> xpath: //input[@name='product_attribute_5' and @value='12']]<br>
2024-06-25 17:06:183 INFO  BuildYourOwnComputerPage :84 - Clicking on addtocart [[ChromeDriver: chrome on windows (565ee76684d66396d59c8f515f2fb2d2)] -> xpath: //input[@name='product_attribute_5' and @value='12']]
2024-06-25 17:06:814 INFO  HomePage :53 - Clicking on Computer [[ChromeDriver: chrome on windows (6f1629b617c3d552b3bfaa992e3ca41c)] -> xpath: //ul[@class='top-menu notmobile']//a[contains(text(),'Computers')]]<br>
2024-06-25 17:06:838 INFO  ComputerPage :46 - Clicking on Desktop [[ChromeDriver: chrome on windows (6f1629b617c3d552b3bfaa992e3ca41c)] -> xpath: //body/div[6]/div[3]/div[1]/div[3]/div[1]/div[2]/div[1]/div[1]/div[1]/div[1]/h2[1]/a[1]]
2024-06-25 17:06:364 INFO  BuildYourOwnComputerPage :90 - Enter email 2.5 GHz Intel Pentium Dual-Core E2200 [+$15.00] to email field [[ChromeDriver: chrome on windows (6f1629b617c3d552b3bfaa992e3ca41c)] -> xpath: //select[@id='product_attribute_1']]<br>
2024-06-25 17:06:484 INFO  BuildYourOwnComputerPage :96 - Selecting RAM 8GB [+$60.00] from dropdown [[ChromeDriver: chrome on windows (6f1629b617c3d552b3bfaa992e3ca41c)] -> xpath: //select[@name='product_attribute_2']]<br>
2024-06-25 17:06:571 INFO  BuildYourOwnComputerPage :171 - Clicking on Harddrive [[ChromeDriver: chrome on windows (6f1629b617c3d552b3bfaa992e3ca41c)] -> xpath: //input[@id='product_attribute_3_7']]<br>
2024-06-25 17:06:634 INFO  BuildYourOwnComputerPage :108 - Clicking on operating system [[ChromeDriver: chrome on windows (6f1629b617c3d552b3bfaa992e3ca41c)] -> xpath: //input[@name='product_attribute_5' and @value='12']]<br>
2024-06-25 17:06:682 INFO  BuildYourOwnComputerPage :114 - Clicking on software [[ChromeDriver: chrome on windows (6f1629b617c3d552b3bfaa992e3ca41c)] -> xpath: //input[@name='product_attribute_5' and @value='12']]<br>
2024-06-25 17:06:698 INFO  BuildYourOwnComputerPage :84 - Clicking on addtocart [[ChromeDriver: chrome on windows (6f1629b617c3d552b3bfaa992e3ca41c)] -> xpath: //input[@name='product_attribute_5' and @value='12']]
2024-06-25 17:06:508 INFO  HomePage :41 - Clicking on login [[ChromeDriver: chrome on windows (21d2bc62c2a1d7f347a6e658c2f11278)] -> xpath: //a[contains(text(),'Log in')]]<br>
2024-06-25 17:06:550 INFO  LoginPage :73 - getting Welcome text from [[ChromeDriver: chrome on windows (21d2bc62c2a1d7f347a6e658c2f11278)] -> xpath: //h1[contains(text(),'Welcome, Please Sign In!')]]
2024-06-25 17:06:592 INFO  LoginPage :74 - getting error message text from [[ChromeDriver: chrome on windows (21d2bc62c2a1d7f347a6e658c2f11278)] -> xpath: //h1[contains(text(),'Welcome, Please Sign In!')]]
2024-06-25 17:06:156 INFO  HomePage :41 - Clicking on login [[ChromeDriver: chrome on windows (4e1d528b1182abbd8d0753731184405a)] -> xpath: //a[contains(text(),'Log in')]]<br>
2024-06-25 17:06:183 INFO  LoginPage :73 - getting Welcome text from [[ChromeDriver: chrome on windows (4e1d528b1182abbd8d0753731184405a)] -> xpath: //h1[contains(text(),'Welcome, Please Sign In!')]]
2024-06-25 17:06:184 INFO  LoginPage :74 - getting error message text from [[ChromeDriver: chrome on windows (4e1d528b1182abbd8d0753731184405a)] -> xpath: //h1[contains(text(),'Welcome, Please Sign In!')]]
2024-06-25 17:06:332 INFO  LoginPage :52 - Enter email hellokaku@gmail.com to email field [[ChromeDriver: chrome on windows (4e1d528b1182abbd8d0753731184405a)] -> xpath: //input[@id='Email']]
2024-06-25 17:06:433 INFO  LoginPage :57 - Enter password : 654321 to email field [[ChromeDriver: chrome on windows (4e1d528b1182abbd8d0753731184405a)] -> xpath: //input[@id='Password']]
2024-06-25 17:06:785 INFO  LoginPage :62 - Clicking on login [[ChromeDriver: chrome on windows (4e1d528b1182abbd8d0753731184405a)] -> xpath: //button[contains(text(),'Log in')]]
2024-06-25 17:06:809 INFO  LoginPage :46 - getting error message text from [[ChromeDriver: chrome on windows (4e1d528b1182abbd8d0753731184405a)] -> xpath: //h1[contains(text(),'Welcome, Please Sign In!')]]
2024-06-25 17:06:854 INFO  LoginPage :67 - getting Login text from [[ChromeDriver: chrome on windows (4e1d528b1182abbd8d0753731184405a)] -> xpath: //div[@class='message-error validation-summary-errors']]
2024-06-25 17:06:200 INFO  HomePage :41 - Clicking on login [[ChromeDriver: chrome on windows (296441d207f82cb3e1f3ec2ee8a4cdce)] -> xpath: //a[contains(text(),'Log in')]]<br>
2024-06-25 17:06:240 INFO  LoginPage :73 - getting Welcome text from [[ChromeDriver: chrome on windows (296441d207f82cb3e1f3ec2ee8a4cdce)] -> xpath: //h1[contains(text(),'Welcome, Please Sign In!')]]
2024-06-25 17:06:241 INFO  LoginPage :74 - getting error message text from [[ChromeDriver: chrome on windows (296441d207f82cb3e1f3ec2ee8a4cdce)] -> xpath: //h1[contains(text(),'Welcome, Please Sign In!')]]
2024-06-25 17:06:409 INFO  LoginPage :52 - Enter email hellokaku@gmail.com to email field [[ChromeDriver: chrome on windows (296441d207f82cb3e1f3ec2ee8a4cdce)] -> xpath: //input[@id='Email']]
2024-06-25 17:06:486 INFO  LoginPage :57 - Enter password : 123456 to email field [[ChromeDriver: chrome on windows (296441d207f82cb3e1f3ec2ee8a4cdce)] -> xpath: //input[@id='Password']]
2024-06-25 17:06:863 INFO  LoginPage :62 - Clicking on login [[ChromeDriver: chrome on windows (296441d207f82cb3e1f3ec2ee8a4cdce)] -> xpath: //button[contains(text(),'Log in')]]
2024-06-25 17:06:924 INFO  HomePage :58 - getting Logout text Proxy element for: DefaultElementLocator 'By.xpath: //a[contains(text(),'Log out')]'<br>
2024-06-25 17:06:467 INFO  HomePage :41 - Clicking on login [[ChromeDriver: chrome on windows (b34c972d9255919aa43639e2d08c1e9a)] -> xpath: //a[contains(text(),'Log in')]]<br>
2024-06-25 17:06:625 INFO  LoginPage :73 - getting Welcome text from [[ChromeDriver: chrome on windows (b34c972d9255919aa43639e2d08c1e9a)] -> xpath: //h1[contains(text(),'Welcome, Please Sign In!')]]
2024-06-25 17:06:626 INFO  LoginPage :74 - getting error message text from [[ChromeDriver: chrome on windows (b34c972d9255919aa43639e2d08c1e9a)] -> xpath: //h1[contains(text(),'Welcome, Please Sign In!')]]
2024-06-25 17:06:723 INFO  LoginPage :52 - Enter email hellokaku@gmail.com to email field [[ChromeDriver: chrome on windows (b34c972d9255919aa43639e2d08c1e9a)] -> xpath: //input[@id='Email']]
2024-06-25 17:06:828 INFO  LoginPage :57 - Enter password : 123456 to email field [[ChromeDriver: chrome on windows (b34c972d9255919aa43639e2d08c1e9a)] -> xpath: //input[@id='Password']]
2024-06-25 17:06:360 INFO  LoginPage :62 - Clicking on login [[ChromeDriver: chrome on windows (b34c972d9255919aa43639e2d08c1e9a)] -> xpath: //button[contains(text(),'Log in')]]
2024-06-25 17:06:447 INFO  LoginPage :79 - Clicking on logout [[ChromeDriver: chrome on windows (b34c972d9255919aa43639e2d08c1e9a)] -> xpath: //button[contains(text(),'Log in')]]
2024-06-25 17:06:826 INFO  HomePage :47 - Clicking on RegisterLink [[ChromeDriver: chrome on windows (8b9357ecdd52dc9aa1f3ac30b80920a6)] -> link text: Register]<br>
2024-06-25 17:06:01 INFO  HomePage :47 - Clicking on RegisterLink [[ChromeDriver: chrome on windows (2bdfae65158ca2a4479f22ab723b5170)] -> link text: Register]<br>
2024-06-25 17:06:45 INFO  RegisterPage :184 - Clicking on Register [[ChromeDriver: chrome on windows (2bdfae65158ca2a4479f22ab723b5170)] -> xpath: //button[contains(text(),'Register')]]
2024-06-25 17:06:740 INFO  RegisterPage :121 - getting Lastname  text  Proxy element for: DefaultElementLocator 'By.xpath: //span[@id='LastName-error']'
2024-06-25 17:06:540 INFO  HomePage :53 - Clicking on Computer [[ChromeDriver: chrome on windows (f156c49fb443a337bacd09fae6814485)] -> xpath: //ul[@class='top-menu notmobile']//a[contains(text(),'Computers')]]<br>
2024-06-25 17:06:575 INFO  ComputerPage :40 - getting computer text  [[ChromeDriver: chrome on windows (f156c49fb443a337bacd09fae6814485)] -> xpath: //h1[contains(text(),'Computers')]]
2024-06-25 17:06:869 INFO  HomePage :53 - Clicking on Computer [[ChromeDriver: chrome on windows (441993872ed6f7198a043c69ce024908)] -> xpath: //ul[@class='top-menu notmobile']//a[contains(text(),'Computers')]]<br>
2024-06-25 17:06:900 INFO  ComputerPage :46 - Clicking on Desktop [[ChromeDriver: chrome on windows (441993872ed6f7198a043c69ce024908)] -> xpath: //body/div[6]/div[3]/div[1]/div[3]/div[1]/div[2]/div[1]/div[1]/div[1]/div[1]/h2[1]/a[1]]
2024-06-25 17:06:156 INFO  HomePage :53 - Clicking on Computer [[ChromeDriver: chrome on windows (3dc3f83e48164794c01fdc948900ebac)] -> xpath: //ul[@class='top-menu notmobile']//a[contains(text(),'Computers')]]<br>
2024-06-25 17:06:172 INFO  ComputerPage :46 - Clicking on Desktop [[ChromeDriver: chrome on windows (3dc3f83e48164794c01fdc948900ebac)] -> xpath: //body/div[6]/div[3]/div[1]/div[3]/div[1]/div[2]/div[1]/div[1]/div[1]/div[1]/h2[1]/a[1]]
2024-06-25 17:06:531 INFO  BuildYourOwnComputerPage :90 - Enter email 2.2 GHz Intel Pentium Dual-Core E2200 to email field [[ChromeDriver: chrome on windows (3dc3f83e48164794c01fdc948900ebac)] -> xpath: //select[@id='product_attribute_1']]<br>
2024-06-25 17:06:658 INFO  BuildYourOwnComputerPage :96 - Selecting RAM 2 GB from dropdown [[ChromeDriver: chrome on windows (3dc3f83e48164794c01fdc948900ebac)] -> xpath: //select[@name='product_attribute_2']]<br>
2024-06-25 17:06:732 INFO  BuildYourOwnComputerPage :171 - Clicking on Harddrive [[ChromeDriver: chrome on windows (3dc3f83e48164794c01fdc948900ebac)] -> xpath: //input[@id='product_attribute_3_7']]<br>
2024-06-25 17:06:805 INFO  BuildYourOwnComputerPage :108 - Clicking on operating system [[ChromeDriver: chrome on windows (3dc3f83e48164794c01fdc948900ebac)] -> xpath: //input[@name='product_attribute_5' and @value='12']]<br>
2024-06-25 17:06:873 INFO  BuildYourOwnComputerPage :114 - Clicking on software [[ChromeDriver: chrome on windows (3dc3f83e48164794c01fdc948900ebac)] -> xpath: //input[@name='product_attribute_5' and @value='12']]<br>
2024-06-25 17:06:885 INFO  BuildYourOwnComputerPage :84 - Clicking on addtocart [[ChromeDriver: chrome on windows (3dc3f83e48164794c01fdc948900ebac)] -> xpath: //input[@name='product_attribute_5' and @value='12']]
2024-06-25 17:06:644 INFO  HomePage :53 - Clicking on Computer [[ChromeDriver: chrome on windows (2fc17ec38348677c610f68b5bccb6059)] -> xpath: //ul[@class='top-menu notmobile']//a[contains(text(),'Computers')]]<br>
2024-06-25 17:06:671 INFO  ComputerPage :46 - Clicking on Desktop [[ChromeDriver: chrome on windows (2fc17ec38348677c610f68b5bccb6059)] -> xpath: //body/div[6]/div[3]/div[1]/div[3]/div[1]/div[2]/div[1]/div[1]/div[1]/div[1]/h2[1]/a[1]]
2024-06-25 17:06:733 INFO  BuildYourOwnComputerPage :90 - Enter email 2.5 GHz Intel Pentium Dual-Core E2200 [+$15.00] to email field [[ChromeDriver: chrome on windows (2fc17ec38348677c610f68b5bccb6059)] -> xpath: //select[@id='product_attribute_1']]<br>
2024-06-25 17:06:846 INFO  BuildYourOwnComputerPage :96 - Selecting RAM 4GB [+$20.00] from dropdown [[ChromeDriver: chrome on windows (2fc17ec38348677c610f68b5bccb6059)] -> xpath: //select[@name='product_attribute_2']]<br>
2024-06-25 17:06:930 INFO  BuildYourOwnComputerPage :171 - Clicking on Harddrive [[ChromeDriver: chrome on windows (2fc17ec38348677c610f68b5bccb6059)] -> xpath: //input[@id='product_attribute_3_7']]<br>
2024-06-25 17:06:04 INFO  BuildYourOwnComputerPage :108 - Clicking on operating system [[ChromeDriver: chrome on windows (2fc17ec38348677c610f68b5bccb6059)] -> xpath: //input[@name='product_attribute_5' and @value='12']]<br>
2024-06-25 17:06:74 INFO  BuildYourOwnComputerPage :114 - Clicking on software [[ChromeDriver: chrome on windows (2fc17ec38348677c610f68b5bccb6059)] -> xpath: //input[@name='product_attribute_5' and @value='12']]<br>
2024-06-25 17:06:89 INFO  BuildYourOwnComputerPage :84 - Clicking on addtocart [[ChromeDriver: chrome on windows (2fc17ec38348677c610f68b5bccb6059)] -> xpath: //input[@name='product_attribute_5' and @value='12']]
2024-06-25 17:06:333 INFO  HomePage :53 - Clicking on Computer [[ChromeDriver: chrome on windows (fef9c452f6286306d8bc1b3a72d70232)] -> xpath: //ul[@class='top-menu notmobile']//a[contains(text(),'Computers')]]<br>
2024-06-25 17:06:369 INFO  ComputerPage :46 - Clicking on Desktop [[ChromeDriver: chrome on windows (fef9c452f6286306d8bc1b3a72d70232)] -> xpath: //body/div[6]/div[3]/div[1]/div[3]/div[1]/div[2]/div[1]/div[1]/div[1]/div[1]/h2[1]/a[1]]
2024-06-25 17:06:931 INFO  BuildYourOwnComputerPage :90 - Enter email 2.5 GHz Intel Pentium Dual-Core E2200 [+$15.00] to email field [[ChromeDriver: chrome on windows (fef9c452f6286306d8bc1b3a72d70232)] -> xpath: //select[@id='product_attribute_1']]<br>
2024-06-25 17:06:53 INFO  BuildYourOwnComputerPage :96 - Selecting RAM 8GB [+$60.00] from dropdown [[ChromeDriver: chrome on windows (fef9c452f6286306d8bc1b3a72d70232)] -> xpath: //select[@name='product_attribute_2']]<br>
2024-06-25 17:06:124 INFO  BuildYourOwnComputerPage :171 - Clicking on Harddrive [[ChromeDriver: chrome on windows (fef9c452f6286306d8bc1b3a72d70232)] -> xpath: //input[@id='product_attribute_3_7']]<br>
2024-06-25 17:06:176 INFO  BuildYourOwnComputerPage :108 - Clicking on operating system [[ChromeDriver: chrome on windows (fef9c452f6286306d8bc1b3a72d70232)] -> xpath: //input[@name='product_attribute_5' and @value='12']]<br>
2024-06-25 17:06:240 INFO  BuildYourOwnComputerPage :114 - Clicking on software [[ChromeDriver: chrome on windows (fef9c452f6286306d8bc1b3a72d70232)] -> xpath: //input[@name='product_attribute_5' and @value='12']]<br>
2024-06-25 17:06:240 INFO  BuildYourOwnComputerPage :84 - Clicking on addtocart [[ChromeDriver: chrome on windows (fef9c452f6286306d8bc1b3a72d70232)] -> xpath: //input[@name='product_attribute_5' and @value='12']]
2024-06-25 17:06:433 INFO  HomePage :41 - Clicking on login [[ChromeDriver: chrome on windows (abbfe01612d1735ef50ccb766d87c257)] -> xpath: //a[contains(text(),'Log in')]]<br>
2024-06-25 17:06:474 INFO  LoginPage :73 - getting Welcome text from [[ChromeDriver: chrome on windows (abbfe01612d1735ef50ccb766d87c257)] -> xpath: //h1[contains(text(),'Welcome, Please Sign In!')]]
2024-06-25 17:06:474 INFO  LoginPage :74 - getting error message text from [[ChromeDriver: chrome on windows (abbfe01612d1735ef50ccb766d87c257)] -> xpath: //h1[contains(text(),'Welcome, Please Sign In!')]]
2024-06-25 17:06:681 INFO  HomePage :41 - Clicking on login [[ChromeDriver: chrome on windows (af47fed802398ced91fd975139bdd550)] -> xpath: //a[contains(text(),'Log in')]]<br>
2024-06-25 17:06:705 INFO  LoginPage :73 - getting Welcome text from [[ChromeDriver: chrome on windows (af47fed802398ced91fd975139bdd550)] -> xpath: //h1[contains(text(),'Welcome, Please Sign In!')]]
2024-06-25 17:06:705 INFO  LoginPage :74 - getting error message text from [[ChromeDriver: chrome on windows (af47fed802398ced91fd975139bdd550)] -> xpath: //h1[contains(text(),'Welcome, Please Sign In!')]]
2024-06-25 17:06:858 INFO  LoginPage :52 - Enter email hellokaku@gmail.com to email field [[ChromeDriver: chrome on windows (af47fed802398ced91fd975139bdd550)] -> xpath: //input[@id='Email']]
2024-06-25 17:06:976 INFO  LoginPage :57 - Enter password : 654321 to email field [[ChromeDriver: chrome on windows (af47fed802398ced91fd975139bdd550)] -> xpath: //input[@id='Password']]
2024-06-25 17:06:375 INFO  LoginPage :62 - Clicking on login [[ChromeDriver: chrome on windows (af47fed802398ced91fd975139bdd550)] -> xpath: //button[contains(text(),'Log in')]]
2024-06-25 17:06:408 INFO  LoginPage :46 - getting error message text from [[ChromeDriver: chrome on windows (af47fed802398ced91fd975139bdd550)] -> xpath: //h1[contains(text(),'Welcome, Please Sign In!')]]
2024-06-25 17:06:451 INFO  LoginPage :67 - getting Login text from [[ChromeDriver: chrome on windows (af47fed802398ced91fd975139bdd550)] -> xpath: //div[@class='message-error validation-summary-errors']]
2024-06-25 17:06:153 INFO  HomePage :41 - Clicking on login [[ChromeDriver: chrome on windows (e1f42ddf04e5d1a6e4afcf1227c99799)] -> xpath: //a[contains(text(),'Log in')]]<br>
2024-06-25 17:06:184 INFO  LoginPage :73 - getting Welcome text from [[ChromeDriver: chrome on windows (e1f42ddf04e5d1a6e4afcf1227c99799)] -> xpath: //h1[contains(text(),'Welcome, Please Sign In!')]]
2024-06-25 17:06:184 INFO  LoginPage :74 - getting error message text from [[ChromeDriver: chrome on windows (e1f42ddf04e5d1a6e4afcf1227c99799)] -> xpath: //h1[contains(text(),'Welcome, Please Sign In!')]]
2024-06-25 17:06:341 INFO  LoginPage :52 - Enter email hellokaku@gmail.com to email field [[ChromeDriver: chrome on windows (e1f42ddf04e5d1a6e4afcf1227c99799)] -> xpath: //input[@id='Email']]
2024-06-25 17:06:452 INFO  LoginPage :57 - Enter password : 123456 to email field [[ChromeDriver: chrome on windows (e1f42ddf04e5d1a6e4afcf1227c99799)] -> xpath: //input[@id='Password']]
2024-06-25 17:06:831 INFO  LoginPage :62 - Clicking on login [[ChromeDriver: chrome on windows (e1f42ddf04e5d1a6e4afcf1227c99799)] -> xpath: //button[contains(text(),'Log in')]]
2024-06-25 17:06:901 INFO  HomePage :58 - getting Logout text Proxy element for: DefaultElementLocator 'By.xpath: //a[contains(text(),'Log out')]'<br>
2024-06-25 17:06:656 INFO  HomePage :41 - Clicking on login [[ChromeDriver: chrome on windows (f84e97138d512c87f74725377e34d1d5)] -> xpath: //a[contains(text(),'Log in')]]<br>
2024-06-25 17:06:673 INFO  LoginPage :73 - getting Welcome text from [[ChromeDriver: chrome on windows (f84e97138d512c87f74725377e34d1d5)] -> xpath: //h1[contains(text(),'Welcome, Please Sign In!')]]
2024-06-25 17:06:673 INFO  LoginPage :74 - getting error message text from [[ChromeDriver: chrome on windows (f84e97138d512c87f74725377e34d1d5)] -> xpath: //h1[contains(text(),'Welcome, Please Sign In!')]]
2024-06-25 17:06:830 INFO  LoginPage :52 - Enter email hellokaku@gmail.com to email field [[ChromeDriver: chrome on windows (f84e97138d512c87f74725377e34d1d5)] -> xpath: //input[@id='Email']]
2024-06-25 17:06:943 INFO  LoginPage :57 - Enter password : 123456 to email field [[ChromeDriver: chrome on windows (f84e97138d512c87f74725377e34d1d5)] -> xpath: //input[@id='Password']]
2024-06-25 17:06:377 INFO  LoginPage :62 - Clicking on login [[ChromeDriver: chrome on windows (f84e97138d512c87f74725377e34d1d5)] -> xpath: //button[contains(text(),'Log in')]]
2024-06-25 17:06:393 INFO  LoginPage :79 - Clicking on logout [[ChromeDriver: chrome on windows (f84e97138d512c87f74725377e34d1d5)] -> xpath: //button[contains(text(),'Log in')]]
2024-06-25 17:06:313 INFO  HomePage :47 - Clicking on RegisterLink [[ChromeDriver: chrome on windows (df2508ed2e0ea88df0a0900b41028441)] -> link text: Register]<br>
2024-06-25 17:06:898 INFO  HomePage :47 - Clicking on RegisterLink [[ChromeDriver: chrome on windows (73a85cf95e4b5cdcd69981284c797656)] -> link text: Register]<br>
2024-06-25 17:06:928 INFO  RegisterPage :184 - Clicking on Register [[ChromeDriver: chrome on windows (73a85cf95e4b5cdcd69981284c797656)] -> xpath: //button[contains(text(),'Register')]]
2024-06-25 17:06:383 INFO  RegisterPage :121 - getting Lastname  text  Proxy element for: DefaultElementLocator 'By.xpath: //span[@id='LastName-error']'
2024-06-25 17:06:578 INFO  HomePage :47 - Clicking on RegisterLink [[ChromeDriver: chrome on windows (d5b053228d324028eefb34f75ceb0dfb)] -> link text: Register]<br>
2024-06-25 17:06:592 INFO  RegisterPage :108 - Enter emailJaynika to email field [[ChromeDriver: chrome on windows (d5b053228d324028eefb34f75ceb0dfb)] -> xpath: //input[@id='FirstName']]
2024-06-25 17:06:705 INFO  RegisterPage :145 - Enter lastname Patel to email field [[ChromeDriver: chrome on windows (d5b053228d324028eefb34f75ceb0dfb)] -> xpath: //input[@id='LastName']]
2024-06-25 17:06:825 INFO  RegisterPage :151 - Selecting date of birth 10 from dropdown [[ChromeDriver: chrome on windows (d5b053228d324028eefb34f75ceb0dfb)] -> xpath: //body/div[6]/div[3]/div[1]/div[1]/div[1]/div[2]/form[1]/div[1]/div[2]/div[4]/div[1]/select[1]]
2024-06-25 17:06:929 INFO  RegisterPage :156 - Selecting month of birth May from dropdown [[ChromeDriver: chrome on windows (d5b053228d324028eefb34f75ceb0dfb)] -> xpath: //body/div[6]/div[3]/div[1]/div[1]/div[1]/div[2]/form[1]/div[1]/div[2]/div[4]/div[1]/select[2]]
2024-06-25 17:06:17 INFO  RegisterPage :162 - Selecting year of birth 1986 from dropdown [[ChromeDriver: chrome on windows (d5b053228d324028eefb34f75ceb0dfb)] -> xpath: //body/div[6]/div[3]/div[1]/div[1]/div[1]/div[2]/form[1]/div[1]/div[2]/div[4]/div[1]/select[3]]
2024-06-25 17:06:106 INFO  RegisterPage :168 - Enter email hellokakuch3@gmail.com to email field [[ChromeDriver: chrome on windows (d5b053228d324028eefb34f75ceb0dfb)] -> xpath: //input[@type='email' and @name='Email']]
2024-06-25 17:06:239 INFO  RegisterPage :174 - Enter password 123456 to email field [[ChromeDriver: chrome on windows (d5b053228d324028eefb34f75ceb0dfb)] -> xpath: //input[@id='Password']]
2024-06-25 17:06:330 INFO  RegisterPage :179 - Enter confirm password 123456 to email field [[ChromeDriver: chrome on windows (d5b053228d324028eefb34f75ceb0dfb)] -> xpath: //input[@name='ConfirmPassword']]
2024-06-25 17:06:411 INFO  RegisterPage :184 - Clicking on Register [[ChromeDriver: chrome on windows (d5b053228d324028eefb34f75ceb0dfb)] -> xpath: //button[contains(text(),'Register')]]
2024-06-25 17:06:986 INFO  RegisterPage :190 - getting registration completed text  [[ChromeDriver: chrome on windows (d5b053228d324028eefb34f75ceb0dfb)] -> xpath: //div[contains(text(),'Your registration completed')]]<br>
